<?xml version="1.0" encoding="UTF-8"?>
<!-- Generated by org.testng.reporters.JUnitReportReporter -->
<testsuite hostname="C02HF63LQ6L5" failures="0" tests="1" name="test.testClass" time="82.561" errors="0" timestamp="2025-04-04T13:34:34 IST" skipped="0">
  <testcase classname="test.testClass" name="Test1" time="82.561"/>
</testsuite> <!-- test.testClass -->
