<?xml version="1.0" encoding="UTF-8"?>
<!-- Generated by org.testng.reporters.JUnitReportReporter -->
<testsuite hostname="C02HF63LQ6L5" failures="0" tests="2" name="test.testClass" time="46.552" errors="0" timestamp="2025-04-04T13:39:51 IST" skipped="0">
  <testcase classname="test.testClass" name="Test1" time="21.157"/>
  <testcase classname="test.testClass" name="Test2" time="25.395"/>
</testsuite> <!-- test.testClass -->
